<?xml version="1.0" encoding="UTF-8"?>
<testsuite name="edu.mum.volunteers.VolunteersApplicationTests" time="0.01" tests="1" errors="1" skipped="0" failures="0">
  <properties>
[...]
</properties>
  <testcase name="contextLoads" classname="edu.mum.volunteers.VolunteersApplicationTests" time="0.01">
    <error message="Failed to load ApplicationContext" type="java.lang.IllegalStateException">java.lang.IllegalStateException: Failed to load ApplicationContext
	at org.springframework.test.context.cache.DefaultCacheAwareContextLoaderDelegate.loadContext(DefaultCacheAwareContextLoaderDelegate.java:124)
	at org.springframework.test.context.support.DefaultTestContext.getApplicationContext(DefaultTestContext.java:83)
	at org.springframework.test.context.web.ServletTestExecutionListener.setUpRequestContextIfNecessary(ServletTestExecutionListener.java:189)
	at org.springframework.test.context.web.ServletTestExecutionListener.prepareTestInstance(ServletTestExecutionListener.java:131)
	at org.springframework.test.context.TestContextManager.prepareTestInstance(TestContextManager.java:230)
	at org.springframework.test.context.junit4.SpringJUnit4ClassRunner.createTest(SpringJUnit4ClassRunner.java:228)
	at org.springframework.test.context.junit4.SpringJUnit4ClassRunner$1.runReflectiveCall(SpringJUnit4ClassRunner.java:287)
	at org.junit.internal.runners.model.ReflectiveCallable.run(ReflectiveCallable.java:12)
	at org.springframework.test.context.junit4.SpringJUnit4ClassRunner.methodBlock(SpringJUnit4ClassRunner.java:289)
	at org.springframework.test.context.junit4.SpringJUnit4ClassRunner.runChild(SpringJUnit4ClassRunner.java:247)
	at org.springframework.test.context.junit4.SpringJUnit4ClassRunner.runChild(SpringJUnit4ClassRunner.java:94)
	at org.junit.runners.ParentRunner$3.run(ParentRunner.java:290)
	at org.junit.runners.ParentRunner$1.schedule(ParentRunner.java:71)
	at org.junit.runners.ParentRunner.runChildren(ParentRunner.java:288)
	at org.junit.runners.ParentRunner.access$000(ParentRunner.java:58)
	at org.junit.runners.ParentRunner$2.evaluate(ParentRunner.java:268)
	at org.springframework.test.context.junit4.statements.RunBeforeTestClassCallbacks.evaluate(RunBeforeTestClassCallbacks.java:61)
	at org.springframework.test.context.junit4.statements.RunAfterTestClassCallbacks.evaluate(RunAfterTestClassCallbacks.java:70)
	at org.junit.runners.ParentRunner.run(ParentRunner.java:363)
	at org.springframework.test.context.junit4.SpringJUnit4ClassRunner.run(SpringJUnit4ClassRunner.java:191)
	at org.apache.maven.surefire.junit4.JUnit4Provider.execute(JUnit4Provider.java:283)
	at org.apache.maven.surefire.junit4.JUnit4Provider.executeWithRerun(JUnit4Provider.java:173)
	at org.apache.maven.surefire.junit4.JUnit4Provider.executeTestSet(JUnit4Provider.java:153)
	at org.apache.maven.surefire.junit4.JUnit4Provider.invoke(JUnit4Provider.java:128)
	at org.apache.maven.surefire.booter.ForkedBooter.invokeProviderInSameClassLoader(ForkedBooter.java:203)
	at org.apache.maven.surefire.booter.ForkedBooter.runSuitesInProcess(ForkedBooter.java:155)
	at org.apache.maven.surefire.booter.ForkedBooter.main(ForkedBooter.java:103)
Caused by: java.lang.NullPointerException: null
	at edu.mum.volunteers.bootstrap.ProjectsLoader.onApplicationEvent(ProjectsLoader.java:100)
	at edu.mum.volunteers.bootstrap.UsersLoader.onApplicationEvent(UsersLoader.java:42)
	at edu.mum.volunteers.bootstrap.UsersLoader.onApplicationEvent(UsersLoader.java:14)
	at org.springframework.context.event.SimpleApplicationEventMulticaster.invokeListener(SimpleApplicationEventMulticaster.java:166)
	at org.springframework.context.event.SimpleApplicationEventMulticaster.multicastEvent(SimpleApplicationEventMulticaster.java:138)
	at org.springframework.context.support.AbstractApplicationContext.publishEvent(AbstractApplicationContext.java:382)
	at org.springframework.context.support.AbstractApplicationContext.publishEvent(AbstractApplicationContext.java:336)
	at org.springframework.context.support.AbstractApplicationContext.finishRefresh(AbstractApplicationContext.java:877)
	at org.springframework.context.support.AbstractApplicationContext.refresh(AbstractApplicationContext.java:544)
	at org.springframework.boot.SpringApplication.refresh(SpringApplication.java:759)
	at org.springframework.boot.SpringApplication.refreshContext(SpringApplication.java:369)
	at org.springframework.boot.SpringApplication.run(SpringApplication.java:313)
	at org.springframework.boot.test.context.SpringBootContextLoader.loadContext(SpringBootContextLoader.java:111)
	at org.springframework.test.context.cache.DefaultCacheAwareContextLoaderDelegate.loadContextInternal(DefaultCacheAwareContextLoaderDelegate.java:98)
	at org.springframework.test.context.cache.DefaultCacheAwareContextLoaderDelegate.loadContext(DefaultCacheAwareContextLoaderDelegate.java:116)
	at org.springframework.test.context.support.DefaultTestContext.getApplicationContext(DefaultTestContext.java:83)
	at org.springframework.test.context.web.ServletTestExecutionListener.setUpRequestContextIfNecessary(ServletTestExecutionListener.java:189)
	at org.springframework.test.context.web.ServletTestExecutionListener.prepareTestInstance(ServletTestExecutionListener.java:131)
	at org.springframework.test.context.TestContextManager.prepareTestInstance(TestContextManager.java:230)
	at org.springframework.test.context.junit4.SpringJUnit4ClassRunner.createTest(SpringJUnit4ClassRunner.java:228)
	at org.springframework.test.context.junit4.SpringJUnit4ClassRunner$1.runReflectiveCall(SpringJUnit4ClassRunner.java:287)
	at org.junit.internal.runners.model.ReflectiveCallable.run(ReflectiveCallable.java:12)
	at org.springframework.test.context.junit4.SpringJUnit4ClassRunner.methodBlock(SpringJUnit4ClassRunner.java:289)
	at org.springframework.test.context.junit4.SpringJUnit4ClassRunner.runChild(SpringJUnit4ClassRunner.java:247)
	at org.springframework.test.context.junit4.SpringJUnit4ClassRunner.runChild(SpringJUnit4ClassRunner.java:94)
	at org.junit.runners.ParentRunner$3.run(ParentRunner.java:290)
	at org.junit.runners.ParentRunner$1.schedule(ParentRunner.java:71)
	at org.junit.runners.ParentRunner.runChildren(ParentRunner.java:288)
	at org.junit.runners.ParentRunner.access$000(ParentRunner.java:58)
	at org.junit.runners.ParentRunner$2.evaluate(ParentRunner.java:268)
	at org.springframework.test.context.junit4.statements.RunBeforeTestClassCallbacks.evaluate(RunBeforeTestClassCallbacks.java:61)
	at org.springframework.test.context.junit4.statements.RunAfterTestClassCallbacks.evaluate(RunAfterTestClassCallbacks.java:70)
	at org.junit.runners.ParentRunner.run(ParentRunner.java:363)
	at org.springframework.test.context.junit4.SpringJUnit4ClassRunner.run(SpringJUnit4ClassRunner.java:191)
	at org.apache.maven.surefire.junit4.JUnit4Provider.execute(JUnit4Provider.java:283)
	at org.apache.maven.surefire.junit4.JUnit4Provider.executeWithRerun(JUnit4Provider.java:173)
	at org.apache.maven.surefire.junit4.JUnit4Provider.executeTestSet(JUnit4Provider.java:153)
	at org.apache.maven.surefire.junit4.JUnit4Provider.invoke(JUnit4Provider.java:128)
	at org.apache.maven.surefire.booter.ForkedBooter.invokeProviderInSameClassLoader(ForkedBooter.java:203)
	at org.apache.maven.surefire.booter.ForkedBooter.runSuitesInProcess(ForkedBooter.java:155)
	at org.apache.maven.surefire.booter.ForkedBooter.main(ForkedBooter.java:103)
</error>
    <system-out><![CDATA[02:52:23.796 [main] DEBUG org.springframework.test.context.junit4.SpringJUnit4ClassRunner - SpringJUnit4ClassRunner constructor called with [class edu.mum.volunteers.VolunteersApplicationTests]
02:52:23.804 [main] DEBUG org.springframework.test.context.BootstrapUtils - Instantiating CacheAwareContextLoaderDelegate from class [org.springframework.test.context.cache.DefaultCacheAwareContextLoaderDelegate]
02:52:23.819 [main] DEBUG org.springframework.test.context.BootstrapUtils - Instantiating BootstrapContext using constructor [public org.springframework.test.context.support.DefaultBootstrapContext(java.lang.Class,org.springframework.test.context.CacheAwareContextLoaderDelegate)]
02:52:23.835 [main] DEBUG org.springframework.test.context.BootstrapUtils - Instantiating TestContextBootstrapper for test class [edu.mum.volunteers.VolunteersApplicationTests] from class [org.springframework.boot.test.context.SpringBootTestContextBootstrapper]
02:52:23.847 [main] INFO org.springframework.boot.test.context.SpringBootTestContextBootstrapper - Neither @ContextConfiguration nor @ContextHierarchy found for test class [edu.mum.volunteers.VolunteersApplicationTests], using SpringBootContextLoader
02:52:23.851 [main] DEBUG org.springframework.test.context.support.AbstractContextLoader - Did not detect default resource location for test class [edu.mum.volunteers.VolunteersApplicationTests]: class path resource [edu/mum/volunteers/VolunteersApplicationTests-context.xml] does not exist
02:52:23.851 [main] DEBUG org.springframework.test.context.support.AbstractContextLoader - Did not detect default resource location for test class [edu.mum.volunteers.VolunteersApplicationTests]: class path resource [edu/mum/volunteers/VolunteersApplicationTestsContext.groovy] does not exist
02:52:23.852 [main] INFO org.springframework.test.context.support.AbstractContextLoader - Could not detect default resource locations for test class [edu.mum.volunteers.VolunteersApplicationTests]: no resource found for suffixes {-context.xml, Context.groovy}.
02:52:23.852 [main] INFO org.springframework.test.context.support.AnnotationConfigContextLoaderUtils - Could not detect default configuration classes for test class [edu.mum.volunteers.VolunteersApplicationTests]: VolunteersApplicationTests does not declare any static, non-private, non-final, nested classes annotated with @Configuration.
02:52:23.896 [main] DEBUG org.springframework.test.context.support.ActiveProfilesUtils - Could not find an 'annotation declaring class' for annotation type [org.springframework.test.context.ActiveProfiles] and class [edu.mum.volunteers.VolunteersApplicationTests]
02:52:23.943 [main] DEBUG org.springframework.core.env.StandardEnvironment - Adding [systemProperties] PropertySource with lowest search precedence
02:52:23.944 [main] DEBUG org.springframework.core.env.StandardEnvironment - Adding [systemEnvironment] PropertySource with lowest search precedence
02:52:23.944 [main] DEBUG org.springframework.core.env.StandardEnvironment - Initialized StandardEnvironment with PropertySources [systemProperties,systemEnvironment]
02:52:23.956 [main] DEBUG org.springframework.core.io.support.PathMatchingResourcePatternResolver - Resolved classpath location [edu/mum/volunteers/] to resources [URL [file:/I:/stsw/volunteers/target/test-classes/edu/mum/volunteers/], URL [file:/I:/stsw/volunteers/target/classes/edu/mum/volunteers/]]
02:52:23.956 [main] DEBUG org.springframework.core.io.support.PathMatchingResourcePatternResolver - Looking for matching resources in directory tree [I:\stsw\volunteers\target\test-classes\edu\mum\volunteers]
02:52:23.957 [main] DEBUG org.springframework.core.io.support.PathMatchingResourcePatternResolver - Searching directory [I:\stsw\volunteers\target\test-classes\edu\mum\volunteers] for files matching pattern [I:/stsw/volunteers/target/test-classes/edu/mum/volunteers/*.class]
02:52:23.961 [main] DEBUG org.springframework.core.io.support.PathMatchingResourcePatternResolver - Looking for matching resources in directory tree [I:\stsw\volunteers\target\classes\edu\mum\volunteers]
02:52:23.961 [main] DEBUG org.springframework.core.io.support.PathMatchingResourcePatternResolver - Searching directory [I:\stsw\volunteers\target\classes\edu\mum\volunteers] for files matching pattern [I:/stsw/volunteers/target/classes/edu/mum/volunteers/*.class]
02:52:23.962 [main] DEBUG org.springframework.core.io.support.PathMatchingResourcePatternResolver - Resolved location pattern [classpath*:edu/mum/volunteers/*.class] to resources [file [I:\stsw\volunteers\target\test-classes\edu\mum\volunteers\VolunteersApplicationTests.class], file [I:\stsw\volunteers\target\classes\edu\mum\volunteers\VolunteersBootWebApplication.class]]
02:52:24.019 [main] DEBUG org.springframework.context.annotation.ClassPathScanningCandidateComponentProvider - Identified candidate component class: file [I:\stsw\volunteers\target\classes\edu\mum\volunteers\VolunteersBootWebApplication.class]
02:52:24.021 [main] INFO org.springframework.boot.test.context.SpringBootTestContextBootstrapper - Found @SpringBootConfiguration edu.mum.volunteers.VolunteersBootWebApplication for test class edu.mum.volunteers.VolunteersApplicationTests
02:52:24.032 [main] DEBUG org.springframework.boot.test.context.SpringBootTestContextBootstrapper - @TestExecutionListeners is not present for class [edu.mum.volunteers.VolunteersApplicationTests]: using defaults.
02:52:24.037 [main] INFO org.springframework.boot.test.context.SpringBootTestContextBootstrapper - Loaded default TestExecutionListener class names from location [META-INF/spring.factories]: [org.springframework.boot.test.mock.mockito.MockitoTestExecutionListener, org.springframework.boot.test.mock.mockito.ResetMocksTestExecutionListener, org.springframework.boot.test.autoconfigure.AutoConfigureReportTestExecutionListener, org.springframework.boot.test.autoconfigure.restdocs.RestDocsTestExecutionListener, org.springframework.boot.test.autoconfigure.web.client.MockRestServiceServerResetTestExecutionListener, org.springframework.test.context.web.ServletTestExecutionListener, org.springframework.test.context.support.DirtiesContextBeforeModesTestExecutionListener, org.springframework.test.context.support.DependencyInjectionTestExecutionListener, org.springframework.test.context.support.DirtiesContextTestExecutionListener, org.springframework.test.context.transaction.TransactionalTestExecutionListener, org.springframework.test.context.jdbc.SqlScriptsTestExecutionListener]
02:52:24.060 [main] INFO org.springframework.boot.test.context.SpringBootTestContextBootstrapper - Using TestExecutionListeners: [org.springframework.test.context.web.ServletTestExecutionListener@6328d34a, org.springframework.test.context.support.DirtiesContextBeforeModesTestExecutionListener@145eaa29, org.springframework.boot.test.autoconfigure.AutoConfigureReportTestExecutionListener@15bb6bea, org.springframework.test.context.support.DependencyInjectionTestExecutionListener@8b96fde, org.springframework.test.context.support.DirtiesContextTestExecutionListener@2d2e5f00, org.springframework.test.context.transaction.TransactionalTestExecutionListener@4c40b76e, org.springframework.test.context.jdbc.SqlScriptsTestExecutionListener@2ea6137, org.springframework.boot.test.mock.mockito.MockitoTestExecutionListener@41ee392b, org.springframework.boot.test.mock.mockito.ResetMocksTestExecutionListener@1e67a849, org.springframework.boot.test.autoconfigure.restdocs.RestDocsTestExecutionListener@57d5872c, org.springframework.boot.test.autoconfigure.web.client.MockRestServiceServerResetTestExecutionListener@667a738]
02:52:24.063 [main] DEBUG org.springframework.test.annotation.ProfileValueUtils - Retrieved @ProfileValueSourceConfiguration [null] for test class [edu.mum.volunteers.VolunteersApplicationTests]
02:52:24.064 [main] DEBUG org.springframework.test.annotation.ProfileValueUtils - Retrieved ProfileValueSource type [class org.springframework.test.annotation.SystemProfileValueSource] for class [edu.mum.volunteers.VolunteersApplicationTests]
02:52:24.066 [main] DEBUG org.springframework.test.context.junit4.SpringJUnit4ClassRunner - SpringJUnit4ClassRunner constructor called with [class edu.mum.volunteers.VolunteersApplicationTests]
02:52:24.066 [main] DEBUG org.springframework.test.context.BootstrapUtils - Instantiating CacheAwareContextLoaderDelegate from class [org.springframework.test.context.cache.DefaultCacheAwareContextLoaderDelegate]
02:52:24.066 [main] DEBUG org.springframework.test.context.BootstrapUtils - Instantiating BootstrapContext using constructor [public org.springframework.test.context.support.DefaultBootstrapContext(java.lang.Class,org.springframework.test.context.CacheAwareContextLoaderDelegate)]
02:52:24.067 [main] DEBUG org.springframework.test.context.BootstrapUtils - Instantiating TestContextBootstrapper for test class [edu.mum.volunteers.VolunteersApplicationTests] from class [org.springframework.boot.test.context.SpringBootTestContextBootstrapper]
02:52:24.067 [main] INFO org.springframework.boot.test.context.SpringBootTestContextBootstrapper - Neither @ContextConfiguration nor @ContextHierarchy found for test class [edu.mum.volunteers.VolunteersApplicationTests], using SpringBootContextLoader
02:52:24.068 [main] DEBUG org.springframework.test.context.support.AbstractContextLoader - Did not detect default resource location for test class [edu.mum.volunteers.VolunteersApplicationTests]: class path resource [edu/mum/volunteers/VolunteersApplicationTests-context.xml] does not exist
02:52:24.068 [main] DEBUG org.springframework.test.context.support.AbstractContextLoader - Did not detect default resource location for test class [edu.mum.volunteers.VolunteersApplicationTests]: class path resource [edu/mum/volunteers/VolunteersApplicationTestsContext.groovy] does not exist
02:52:24.069 [main] INFO org.springframework.test.context.support.AbstractContextLoader - Could not detect default resource locations for test class [edu.mum.volunteers.VolunteersApplicationTests]: no resource found for suffixes {-context.xml, Context.groovy}.
02:52:24.069 [main] INFO org.springframework.test.context.support.AnnotationConfigContextLoaderUtils - Could not detect default configuration classes for test class [edu.mum.volunteers.VolunteersApplicationTests]: VolunteersApplicationTests does not declare any static, non-private, non-final, nested classes annotated with @Configuration.
02:52:24.075 [main] DEBUG org.springframework.test.context.support.ActiveProfilesUtils - Could not find an 'annotation declaring class' for annotation type [org.springframework.test.context.ActiveProfiles] and class [edu.mum.volunteers.VolunteersApplicationTests]
02:52:24.076 [main] DEBUG org.springframework.core.env.StandardEnvironment - Adding [systemProperties] PropertySource with lowest search precedence
02:52:24.077 [main] DEBUG org.springframework.core.env.StandardEnvironment - Adding [systemEnvironment] PropertySource with lowest search precedence
02:52:24.077 [main] DEBUG org.springframework.core.env.StandardEnvironment - Initialized StandardEnvironment with PropertySources [systemProperties,systemEnvironment]
02:52:24.077 [main] INFO org.springframework.boot.test.context.SpringBootTestContextBootstrapper - Found @SpringBootConfiguration edu.mum.volunteers.VolunteersBootWebApplication for test class edu.mum.volunteers.VolunteersApplicationTests
02:52:24.079 [main] DEBUG org.springframework.boot.test.context.SpringBootTestContextBootstrapper - @TestExecutionListeners is not present for class [edu.mum.volunteers.VolunteersApplicationTests]: using defaults.
02:52:24.082 [main] INFO org.springframework.boot.test.context.SpringBootTestContextBootstrapper - Loaded default TestExecutionListener class names from location [META-INF/spring.factories]: [org.springframework.boot.test.mock.mockito.MockitoTestExecutionListener, org.springframework.boot.test.mock.mockito.ResetMocksTestExecutionListener, org.springframework.boot.test.autoconfigure.AutoConfigureReportTestExecutionListener, org.springframework.boot.test.autoconfigure.restdocs.RestDocsTestExecutionListener, org.springframework.boot.test.autoconfigure.web.client.MockRestServiceServerResetTestExecutionListener, org.springframework.test.context.web.ServletTestExecutionListener, org.springframework.test.context.support.DirtiesContextBeforeModesTestExecutionListener, org.springframework.test.context.support.DependencyInjectionTestExecutionListener, org.springframework.test.context.support.DirtiesContextTestExecutionListener, org.springframework.test.context.transaction.TransactionalTestExecutionListener, org.springframework.test.context.jdbc.SqlScriptsTestExecutionListener]
02:52:24.082 [main] INFO org.springframework.boot.test.context.SpringBootTestContextBootstrapper - Using TestExecutionListeners: [org.springframework.test.context.web.ServletTestExecutionListener@5ef60048, org.springframework.test.context.support.DirtiesContextBeforeModesTestExecutionListener@1d548a08, org.springframework.boot.test.autoconfigure.AutoConfigureReportTestExecutionListener@16aa0a0a, org.springframework.test.context.support.DependencyInjectionTestExecutionListener@780cb77, org.springframework.test.context.support.DirtiesContextTestExecutionListener@691a7f8f, org.springframework.test.context.transaction.TransactionalTestExecutionListener@50a7bc6e, org.springframework.test.context.jdbc.SqlScriptsTestExecutionListener@161b062a, org.springframework.boot.test.mock.mockito.MockitoTestExecutionListener@17c1bced, org.springframework.boot.test.mock.mockito.ResetMocksTestExecutionListener@2d9d4f9d, org.springframework.boot.test.autoconfigure.restdocs.RestDocsTestExecutionListener@4034c28c, org.springframework.boot.test.autoconfigure.web.client.MockRestServiceServerResetTestExecutionListener@e50a6f6]
02:52:24.083 [main] DEBUG org.springframework.test.annotation.ProfileValueUtils - Retrieved @ProfileValueSourceConfiguration [null] for test class [edu.mum.volunteers.VolunteersApplicationTests]
02:52:24.084 [main] DEBUG org.springframework.test.annotation.ProfileValueUtils - Retrieved ProfileValueSource type [class org.springframework.test.annotation.SystemProfileValueSource] for class [edu.mum.volunteers.VolunteersApplicationTests]
02:52:24.085 [main] DEBUG org.springframework.test.annotation.ProfileValueUtils - Retrieved @ProfileValueSourceConfiguration [null] for test class [edu.mum.volunteers.VolunteersApplicationTests]
02:52:24.085 [main] DEBUG org.springframework.test.annotation.ProfileValueUtils - Retrieved ProfileValueSource type [class org.springframework.test.annotation.SystemProfileValueSource] for class [edu.mum.volunteers.VolunteersApplicationTests]
02:52:24.090 [main] DEBUG org.springframework.test.context.support.AbstractDirtiesContextTestExecutionListener - Before test class: context [DefaultTestContext@143640d5 testClass = VolunteersApplicationTests, testInstance = [null], testMethod = [null], testException = [null], mergedContextConfiguration = [WebMergedContextConfiguration@6295d394 testClass = VolunteersApplicationTests, locations = '{}', classes = '{class edu.mum.volunteers.VolunteersBootWebApplication}', contextInitializerClasses = '[]', activeProfiles = '{}', propertySourceLocations = '{}', propertySourceProperties = '{org.springframework.boot.test.context.SpringBootTestContextBootstrapper=true}', contextCustomizers = set[org.springframework.boot.test.context.SpringBootTestContextCustomizer@6f1fba17, org.springframework.boot.test.context.filter.ExcludeFilterContextCustomizer@335eadca, org.springframework.boot.test.mock.mockito.MockitoContextCustomizer@0, org.springframework.boot.test.autoconfigure.properties.PropertyMappingContextCustomizer@0], resourceBasePath = 'src/main/webapp', contextLoader = 'org.springframework.boot.test.context.SpringBootContextLoader', parent = [null]]], class annotated with @DirtiesContext [false] with mode [null].
02:52:24.091 [main] DEBUG org.springframework.test.annotation.ProfileValueUtils - Retrieved @ProfileValueSourceConfiguration [null] for test class [edu.mum.volunteers.VolunteersApplicationTests]
02:52:24.091 [main] DEBUG org.springframework.test.annotation.ProfileValueUtils - Retrieved ProfileValueSource type [class org.springframework.test.annotation.SystemProfileValueSource] for class [edu.mum.volunteers.VolunteersApplicationTests]
02:52:24.123 [main] DEBUG org.springframework.core.env.StandardEnvironment - Adding [systemProperties] PropertySource with lowest search precedence
02:52:24.123 [main] DEBUG org.springframework.core.env.StandardEnvironment - Adding [systemEnvironment] PropertySource with lowest search precedence
02:52:24.123 [main] DEBUG org.springframework.core.env.StandardEnvironment - Initialized StandardEnvironment with PropertySources [systemProperties,systemEnvironment]
02:52:24.124 [main] DEBUG org.springframework.test.context.support.TestPropertySourceUtils - Adding inlined properties to environment: {spring.jmx.enabled=false, org.springframework.boot.test.context.SpringBootTestContextBootstrapper=true, server.port=-1}
02:52:24.124 [main] DEBUG org.springframework.core.env.StandardEnvironment - Adding [Inlined Test Properties] PropertySource with highest search precedence

  .   ____          _            __ _ _
 /\\ / ___'_ __ _ _(_)_ __  __ _ \ \ \ \
( ( )\___ | '_ | '_| | '_ \/ _` | \ \ \ \
 \\/  ___)| |_)| | | | | || (_| |  ) ) ) )
  '  |____| .__|_| |_|_| |_\__, | / / / /
 =========|_|==============|___/=/_/_/_/
 :: Spring Boot ::        (v1.4.0.RELEASE)

2016-09-19 02:52:24.564  INFO 10712 --- [           main] e.m.v.VolunteersApplicationTests         : Starting VolunteersApplicationTests on SahibsShip with PID 10712 (started by sahib in I:\stsw\volunteers)
2016-09-19 02:52:24.565  INFO 10712 --- [           main] e.m.v.VolunteersApplicationTests         : No active profile set, falling back to default profiles: default
2016-09-19 02:52:24.899  INFO 10712 --- [           main] o.s.w.c.s.GenericWebApplicationContext   : Refreshing org.springframework.web.context.support.GenericWebApplicationContext@273444fe: startup date [Mon Sep 19 02:52:24 GMT-05:00 2016]; root of context hierarchy
2016-09-19 02:52:26.911  INFO 10712 --- [           main] trationDelegate$BeanPostProcessorChecker : Bean 'org.springframework.transaction.annotation.ProxyTransactionManagementConfiguration' of type [class org.springframework.transaction.annotation.ProxyTransactionManagementConfiguration$$EnhancerBySpringCGLIB$$fb1bebd2] is not eligible for getting processed by all BeanPostProcessors (for example: not eligible for auto-proxying)
2016-09-19 02:52:27.451  INFO 10712 --- [           main] j.LocalContainerEntityManagerFactoryBean : Building JPA container EntityManagerFactory for persistence unit 'default'
2016-09-19 02:52:27.477  INFO 10712 --- [           main] o.hibernate.jpa.internal.util.LogHelper  : HHH000204: Processing PersistenceUnitInfo [
	name: default
	...]
2016-09-19 02:52:27.607  INFO 10712 --- [           main] org.hibernate.Version                    : HHH000412: Hibernate Core {5.0.9.Final}
2016-09-19 02:52:27.610  INFO 10712 --- [           main] org.hibernate.cfg.Environment            : HHH000206: hibernate.properties not found
2016-09-19 02:52:27.612  INFO 10712 --- [           main] org.hibernate.cfg.Environment            : HHH000021: Bytecode provider name : javassist
2016-09-19 02:52:27.665  INFO 10712 --- [           main] o.hibernate.annotations.common.Version   : HCANN000001: Hibernate Commons Annotations {5.0.1.Final}
2016-09-19 02:52:28.156  INFO 10712 --- [           main] org.hibernate.dialect.Dialect            : HHH000400: Using dialect: org.hibernate.dialect.MySQL5Dialect
2016-09-19 02:52:28.964  INFO 10712 --- [           main] org.hibernate.tool.hbm2ddl.SchemaExport  : HHH000227: Running hbm2ddl schema export
Hibernate: alter table offer drop foreign key FKo0rdvexlxmyakcvw8b5aqidlk
Hibernate: alter table project drop foreign key FKo06v2e9kuapcugnyhttqa1vpt
Hibernate: alter table project_beneficiaries drop foreign key FKoiy8vsp0uttp7oat1bpoij8wp
Hibernate: alter table project_beneficiaries drop foreign key FKhv82jjdatm3eaon2ilng9tiqh
Hibernate: alter table project_resources drop foreign key FK8tiejxuencla7pybkli3ynotv
Hibernate: alter table project_resources drop foreign key FKgvyjy4pwnuerf1ojtk71e4edo
Hibernate: alter table task drop foreign key FKk8qrwowg31kx7hp93sru1pdqa
Hibernate: alter table volunteer_offers drop foreign key FKl34yfaxk1f9m6cynyadvmo1pt
Hibernate: alter table volunteer_offers drop foreign key FKh0jkt2ybguoyv80bpk6ay9pjk
Hibernate: drop table if exists beneficiary
Hibernate: drop table if exists image
Hibernate: drop table if exists offer
Hibernate: drop table if exists project
Hibernate: drop table if exists project_beneficiaries
Hibernate: drop table if exists project_resources
Hibernate: drop table if exists resource
Hibernate: drop table if exists task
Hibernate: drop table if exists user
Hibernate: drop table if exists volunteer_offers
Hibernate: create table beneficiary (id integer not null auto_increment, description varchar(255), name varchar(255), primary key (id))
Hibernate: create table image (id integer not null auto_increment, image longblob, primary key (id))
Hibernate: create table offer (id integer not null auto_increment, user_id bigint, primary key (id))
Hibernate: create table project (id integer not null auto_increment, description varchar(255), name varchar(255), status varchar(255), user_id bigint, primary key (id))
Hibernate: create table project_beneficiaries (project_id integer not null, beneficiary_id integer not null)
Hibernate: create table project_resources (project_id integer not null, resource_id integer not null)
Hibernate: create table resource (id integer not null auto_increment, description varchar(255), name varchar(255), resource_type varchar(255), primary key (id))
Hibernate: create table task (id integer not null auto_increment, hours_to_complete double precision not null, percent_completed double precision not null, project_id integer, primary key (id))
Hibernate: create table user (user_type varchar(31) not null, id bigint not null auto_increment, email varchar(255), first_name varchar(255), last_name varchar(255), primary key (id))
Hibernate: create table volunteer_offers (task_id integer not null, offer_id integer not null)
Hibernate: alter table project_beneficiaries add constraint UK_ocffssq4s36h02m0039get84j unique (beneficiary_id)
Hibernate: alter table project_resources add constraint UK_n46lhiwx8a63b1986ktpqbny unique (resource_id)
Hibernate: alter table volunteer_offers add constraint UK_83fdab0i5r0k8xoarglao4kun unique (offer_id)
Hibernate: alter table offer add constraint FKo0rdvexlxmyakcvw8b5aqidlk foreign key (user_id) references user (id)
Hibernate: alter table project add constraint FKo06v2e9kuapcugnyhttqa1vpt foreign key (user_id) references user (id)
Hibernate: alter table project_beneficiaries add constraint FKoiy8vsp0uttp7oat1bpoij8wp foreign key (beneficiary_id) references beneficiary (id)
Hibernate: alter table project_beneficiaries add constraint FKhv82jjdatm3eaon2ilng9tiqh foreign key (project_id) references project (id)
Hibernate: alter table project_resources add constraint FK8tiejxuencla7pybkli3ynotv foreign key (resource_id) references resource (id)
Hibernate: alter table project_resources add constraint FKgvyjy4pwnuerf1ojtk71e4edo foreign key (project_id) references project (id)
Hibernate: alter table task add constraint FKk8qrwowg31kx7hp93sru1pdqa foreign key (project_id) references project (id)
Hibernate: alter table volunteer_offers add constraint FKl34yfaxk1f9m6cynyadvmo1pt foreign key (offer_id) references task (id)
Hibernate: alter table volunteer_offers add constraint FKh0jkt2ybguoyv80bpk6ay9pjk foreign key (task_id) references offer (id)
2016-09-19 02:52:51.404  INFO 10712 --- [           main] org.hibernate.tool.hbm2ddl.SchemaExport  : HHH000230: Schema export complete
2016-09-19 02:52:51.502  INFO 10712 --- [           main] j.LocalContainerEntityManagerFactoryBean : Initialized JPA EntityManagerFactory for persistence unit 'default'
2016-09-19 02:52:51.536  WARN 10712 --- [           main] f.a.AutowiredAnnotationBeanPostProcessor : Autowired annotation should be used on methods with parameters: public edu.mum.volunteers.repositories.OfferRepository edu.mum.volunteers.bootstrap.OffersLoader.getOfferRepository()
2016-09-19 02:52:51.539  WARN 10712 --- [           main] f.a.AutowiredAnnotationBeanPostProcessor : Autowired annotation should be used on methods with parameters: public edu.mum.volunteers.repositories.TaskRepository edu.mum.volunteers.bootstrap.OffersLoader.getTaskRepository()
2016-09-19 02:52:51.539  WARN 10712 --- [           main] f.a.AutowiredAnnotationBeanPostProcessor : Autowired annotation should be used on methods with parameters: public edu.mum.volunteers.repositories.UserRepository edu.mum.volunteers.bootstrap.OffersLoader.getUserRepository()
2016-09-19 02:52:51.806  INFO 10712 --- [           main] o.h.h.i.QueryTranslatorFactoryInitiator  : HHH000397: Using ASTQueryTranslatorFactory
2016-09-19 02:52:51.929  WARN 10712 --- [           main] f.a.AutowiredAnnotationBeanPostProcessor : Autowired annotation should be used on methods with parameters: public edu.mum.volunteers.repositories.BeneficiaryRepository edu.mum.volunteers.bootstrap.ProjectsLoader.getBeneficiaryRepository()
2016-09-19 02:52:51.929  WARN 10712 --- [           main] f.a.AutowiredAnnotationBeanPostProcessor : Autowired annotation should be used on methods with parameters: public edu.mum.volunteers.repositories.TaskRepository edu.mum.volunteers.bootstrap.ProjectsLoader.getTaskRepository()
2016-09-19 02:52:51.929  WARN 10712 --- [           main] f.a.AutowiredAnnotationBeanPostProcessor : Autowired annotation should be used on methods with parameters: public edu.mum.volunteers.repositories.UserRepository edu.mum.volunteers.bootstrap.ProjectsLoader.getUserRepository()
2016-09-19 02:52:51.930  WARN 10712 --- [           main] f.a.AutowiredAnnotationBeanPostProcessor : Autowired annotation should be used on methods with parameters: public edu.mum.volunteers.repositories.ProjectRepository edu.mum.volunteers.bootstrap.ProjectsLoader.getProjectRepository()
2016-09-19 02:52:51.931  WARN 10712 --- [           main] f.a.AutowiredAnnotationBeanPostProcessor : Autowired annotation should be used on methods with parameters: public edu.mum.volunteers.repositories.ResourceRepository edu.mum.volunteers.bootstrap.ProjectsLoader.getResourceRepository()
2016-09-19 02:52:52.802  INFO 10712 --- [           main] s.w.s.m.m.a.RequestMappingHandlerAdapter : Looking for @ControllerAdvice: org.springframework.web.context.support.GenericWebApplicationContext@273444fe: startup date [Mon Sep 19 02:52:24 GMT-05:00 2016]; root of context hierarchy
2016-09-19 02:52:52.900  INFO 10712 --- [           main] s.w.s.m.m.a.RequestMappingHandlerMapping : Mapped "{[/]}" onto java.lang.String edu.mum.volunteers.controllers.IndexController.index()
2016-09-19 02:52:52.904  INFO 10712 --- [           main] s.w.s.m.m.a.RequestMappingHandlerMapping : Mapped "{[/error]}" onto public org.springframework.http.ResponseEntity<java.util.Map<java.lang.String, java.lang.Object>> org.springframework.boot.autoconfigure.web.BasicErrorController.error(javax.servlet.http.HttpServletRequest)
2016-09-19 02:52:52.904  INFO 10712 --- [           main] s.w.s.m.m.a.RequestMappingHandlerMapping : Mapped "{[/error],produces=[text/html]}" onto public org.springframework.web.servlet.ModelAndView org.springframework.boot.autoconfigure.web.BasicErrorController.errorHtml(javax.servlet.http.HttpServletRequest,javax.servlet.http.HttpServletResponse)
2016-09-19 02:52:52.943  INFO 10712 --- [           main] o.s.w.s.handler.SimpleUrlHandlerMapping  : Mapped URL path [/webjars/**] onto handler of type [class org.springframework.web.servlet.resource.ResourceHttpRequestHandler]
2016-09-19 02:52:52.944  INFO 10712 --- [           main] o.s.w.s.handler.SimpleUrlHandlerMapping  : Mapped URL path [/**] onto handler of type [class org.springframework.web.servlet.resource.ResourceHttpRequestHandler]
2016-09-19 02:52:53.003  INFO 10712 --- [           main] o.s.w.s.handler.SimpleUrlHandlerMapping  : Mapped URL path [/**/favicon.ico] onto handler of type [class org.springframework.web.servlet.resource.ResourceHttpRequestHandler]
2016-09-19 02:52:53.625  INFO 10712 --- [           main] b.a.s.AuthenticationManagerConfiguration : 

Using default security password: 64298eb8-5391-4bca-b9d5-5a128cca5741

2016-09-19 02:52:53.693  INFO 10712 --- [           main] o.s.s.web.DefaultSecurityFilterChain     : Creating filter chain: Ant [pattern='/css/**'], []
2016-09-19 02:52:53.693  INFO 10712 --- [           main] o.s.s.web.DefaultSecurityFilterChain     : Creating filter chain: Ant [pattern='/js/**'], []
2016-09-19 02:52:53.693  INFO 10712 --- [           main] o.s.s.web.DefaultSecurityFilterChain     : Creating filter chain: Ant [pattern='/images/**'], []
2016-09-19 02:52:53.693  INFO 10712 --- [           main] o.s.s.web.DefaultSecurityFilterChain     : Creating filter chain: Ant [pattern='/webjars/**'], []
2016-09-19 02:52:53.693  INFO 10712 --- [           main] o.s.s.web.DefaultSecurityFilterChain     : Creating filter chain: Ant [pattern='/**/favicon.ico'], []
2016-09-19 02:52:53.694  INFO 10712 --- [           main] o.s.s.web.DefaultSecurityFilterChain     : Creating filter chain: Ant [pattern='/error'], []
2016-09-19 02:52:53.792  INFO 10712 --- [           main] o.s.s.web.DefaultSecurityFilterChain     : Creating filter chain: org.springframework.security.web.util.matcher.AnyRequestMatcher@1, [org.springframework.security.web.context.request.async.WebAsyncManagerIntegrationFilter@2591d23a, org.springframework.security.web.context.SecurityContextPersistenceFilter@54496c2d, org.springframework.security.web.header.HeaderWriterFilter@543da15, org.springframework.security.web.authentication.logout.LogoutFilter@5d68954d, org.springframework.security.web.savedrequest.RequestCacheAwareFilter@236b4a44, org.springframework.security.web.servletapi.SecurityContextHolderAwareRequestFilter@4cef0747, org.springframework.security.web.authentication.AnonymousAuthenticationFilter@6c1f15df, org.springframework.security.web.session.SessionManagementFilter@69de72ec, org.springframework.security.web.access.ExceptionTranslationFilter@16f4a3c0, org.springframework.security.web.access.intercept.FilterSecurityInterceptor@3534651a]
2016-09-19 02:52:53.805  INFO 10712 --- [           main] o.s.s.web.DefaultSecurityFilterChain     : Creating filter chain: org.springframework.boot.autoconfigure.security.SpringBootWebSecurityConfiguration$ApplicationNoWebSecurityConfigurerAdapter$1@77d95e5a, [org.springframework.security.web.context.request.async.WebAsyncManagerIntegrationFilter@6339e604, org.springframework.security.web.context.SecurityContextPersistenceFilter@420b55ed, org.springframework.security.web.header.HeaderWriterFilter@7037a680, org.springframework.security.web.csrf.CsrfFilter@47ffdbba, org.springframework.security.web.authentication.logout.LogoutFilter@6fe5da76, org.springframework.security.web.savedrequest.RequestCacheAwareFilter@f237ae7, org.springframework.security.web.servletapi.SecurityContextHolderAwareRequestFilter@42edde25, org.springframework.security.web.authentication.AnonymousAuthenticationFilter@4f8900b0, org.springframework.security.web.session.SessionManagementFilter@492c8137, org.springframework.security.web.access.ExceptionTranslationFilter@45311a99]
Hibernate: insert into user (email, first_name, last_name, user_type) values (?, ?, ?, 'Volunteer')
2016-09-19 02:52:54.526  INFO 10712 --- [           main] e.mum.volunteers.bootstrap.UsersLoader   : Saved User - id: 1
Hibernate: insert into user (email, first_name, last_name, user_type) values (?, ?, ?, 'Administrator')
2016-09-19 02:52:54.752  INFO 10712 --- [           main] e.mum.volunteers.bootstrap.UsersLoader   : Saved User - id:2
2016-09-19 02:52:54.753 ERROR 10712 --- [           main] e.m.volunteers.bootstrap.ProjectsLoader  : While saving resource
2016-09-19 02:52:54.753 ERROR 10712 --- [           main] e.m.volunteers.bootstrap.ProjectsLoader  : null
2016-09-19 02:52:54.753  INFO 10712 --- [           main] e.m.volunteers.bootstrap.ProjectsLoader  : Saved Resource - id:0
2016-09-19 02:52:54.763  INFO 10712 --- [           main] utoConfigurationReportLoggingInitializer : 

Error starting ApplicationContext. To display the auto-configuration report enable debug logging (start with --debug)


2016-09-19 02:52:54.800 ERROR 10712 --- [           main] o.s.boot.SpringApplication               : Application startup failed

java.lang.NullPointerException: null
	at edu.mum.volunteers.bootstrap.ProjectsLoader.onApplicationEvent(ProjectsLoader.java:100) ~[classes/:na]
	at edu.mum.volunteers.bootstrap.UsersLoader.onApplicationEvent(UsersLoader.java:42) ~[classes/:na]
	at edu.mum.volunteers.bootstrap.UsersLoader.onApplicationEvent(UsersLoader.java:14) ~[classes/:na]
	at org.springframework.context.event.SimpleApplicationEventMulticaster.invokeListener(SimpleApplicationEventMulticaster.java:166) ~[spring-context-4.3.2.RELEASE.jar:4.3.2.RELEASE]
	at org.springframework.context.event.SimpleApplicationEventMulticaster.multicastEvent(SimpleApplicationEventMulticaster.java:138) ~[spring-context-4.3.2.RELEASE.jar:4.3.2.RELEASE]
	at org.springframework.context.support.AbstractApplicationContext.publishEvent(AbstractApplicationContext.java:382) ~[spring-context-4.3.2.RELEASE.jar:4.3.2.RELEASE]
	at org.springframework.context.support.AbstractApplicationContext.publishEvent(AbstractApplicationContext.java:336) ~[spring-context-4.3.2.RELEASE.jar:4.3.2.RELEASE]
	at org.springframework.context.support.AbstractApplicationContext.finishRefresh(AbstractApplicationContext.java:877) ~[spring-context-4.3.2.RELEASE.jar:4.3.2.RELEASE]
	at org.springframework.context.support.AbstractApplicationContext.refresh(AbstractApplicationContext.java:544) ~[spring-context-4.3.2.RELEASE.jar:4.3.2.RELEASE]
	at org.springframework.boot.SpringApplication.refresh(SpringApplication.java:759) ~[spring-boot-1.4.0.RELEASE.jar:1.4.0.RELEASE]
	at org.springframework.boot.SpringApplication.refreshContext(SpringApplication.java:369) ~[spring-boot-1.4.0.RELEASE.jar:1.4.0.RELEASE]
	at org.springframework.boot.SpringApplication.run(SpringApplication.java:313) ~[spring-boot-1.4.0.RELEASE.jar:1.4.0.RELEASE]
	at org.springframework.boot.test.context.SpringBootContextLoader.loadContext(SpringBootContextLoader.java:111) [spring-boot-test-1.4.0.RELEASE.jar:1.4.0.RELEASE]
	at org.springframework.test.context.cache.DefaultCacheAwareContextLoaderDelegate.loadContextInternal(DefaultCacheAwareContextLoaderDelegate.java:98) [spring-test-4.3.2.RELEASE.jar:4.3.2.RELEASE]
	at org.springframework.test.context.cache.DefaultCacheAwareContextLoaderDelegate.loadContext(DefaultCacheAwareContextLoaderDelegate.java:116) [spring-test-4.3.2.RELEASE.jar:4.3.2.RELEASE]
	at org.springframework.test.context.support.DefaultTestContext.getApplicationContext(DefaultTestContext.java:83) [spring-test-4.3.2.RELEASE.jar:4.3.2.RELEASE]
	at org.springframework.test.context.web.ServletTestExecutionListener.setUpRequestContextIfNecessary(ServletTestExecutionListener.java:189) [spring-test-4.3.2.RELEASE.jar:4.3.2.RELEASE]
	at org.springframework.test.context.web.ServletTestExecutionListener.prepareTestInstance(ServletTestExecutionListener.java:131) [spring-test-4.3.2.RELEASE.jar:4.3.2.RELEASE]
	at org.springframework.test.context.TestContextManager.prepareTestInstance(TestContextManager.java:230) [spring-test-4.3.2.RELEASE.jar:4.3.2.RELEASE]
	at org.springframework.test.context.junit4.SpringJUnit4ClassRunner.createTest(SpringJUnit4ClassRunner.java:228) [spring-test-4.3.2.RELEASE.jar:4.3.2.RELEASE]
	at org.springframework.test.context.junit4.SpringJUnit4ClassRunner$1.runReflectiveCall(SpringJUnit4ClassRunner.java:287) [spring-test-4.3.2.RELEASE.jar:4.3.2.RELEASE]
	at org.junit.internal.runners.model.ReflectiveCallable.run(ReflectiveCallable.java:12) [junit-4.12.jar:4.12]
	at org.springframework.test.context.junit4.SpringJUnit4ClassRunner.methodBlock(SpringJUnit4ClassRunner.java:289) [spring-test-4.3.2.RELEASE.jar:4.3.2.RELEASE]
	at org.springframework.test.context.junit4.SpringJUnit4ClassRunner.runChild(SpringJUnit4ClassRunner.java:247) [spring-test-4.3.2.RELEASE.jar:4.3.2.RELEASE]
	at org.springframework.test.context.junit4.SpringJUnit4ClassRunner.runChild(SpringJUnit4ClassRunner.java:94) [spring-test-4.3.2.RELEASE.jar:4.3.2.RELEASE]
	at org.junit.runners.ParentRunner$3.run(ParentRunner.java:290) [junit-4.12.jar:4.12]
	at org.junit.runners.ParentRunner$1.schedule(ParentRunner.java:71) [junit-4.12.jar:4.12]
	at org.junit.runners.ParentRunner.runChildren(ParentRunner.java:288) [junit-4.12.jar:4.12]
	at org.junit.runners.ParentRunner.access$000(ParentRunner.java:58) [junit-4.12.jar:4.12]
	at org.junit.runners.ParentRunner$2.evaluate(ParentRunner.java:268) [junit-4.12.jar:4.12]
	at org.springframework.test.context.junit4.statements.RunBeforeTestClassCallbacks.evaluate(RunBeforeTestClassCallbacks.java:61) [spring-test-4.3.2.RELEASE.jar:4.3.2.RELEASE]
	at org.springframework.test.context.junit4.statements.RunAfterTestClassCallbacks.evaluate(RunAfterTestClassCallbacks.java:70) [spring-test-4.3.2.RELEASE.jar:4.3.2.RELEASE]
	at org.junit.runners.ParentRunner.run(ParentRunner.java:363) [junit-4.12.jar:4.12]
	at org.springframework.test.context.junit4.SpringJUnit4ClassRunner.run(SpringJUnit4ClassRunner.java:191) [spring-test-4.3.2.RELEASE.jar:4.3.2.RELEASE]
	at org.apache.maven.surefire.junit4.JUnit4Provider.execute(JUnit4Provider.java:283) [surefire-junit4-2.18.1.jar:2.18.1]
	at org.apache.maven.surefire.junit4.JUnit4Provider.executeWithRerun(JUnit4Provider.java:173) [surefire-junit4-2.18.1.jar:2.18.1]
	at org.apache.maven.surefire.junit4.JUnit4Provider.executeTestSet(JUnit4Provider.java:153) [surefire-junit4-2.18.1.jar:2.18.1]
	at org.apache.maven.surefire.junit4.JUnit4Provider.invoke(JUnit4Provider.java:128) [surefire-junit4-2.18.1.jar:2.18.1]
	at org.apache.maven.surefire.booter.ForkedBooter.invokeProviderInSameClassLoader(ForkedBooter.java:203) [surefire-booter-2.18.1.jar:2.18.1]
	at org.apache.maven.surefire.booter.ForkedBooter.runSuitesInProcess(ForkedBooter.java:155) [surefire-booter-2.18.1.jar:2.18.1]
	at org.apache.maven.surefire.booter.ForkedBooter.main(ForkedBooter.java:103) [surefire-booter-2.18.1.jar:2.18.1]

2016-09-19 02:52:54.803  INFO 10712 --- [           main] o.s.w.c.s.GenericWebApplicationContext   : Closing org.springframework.web.context.support.GenericWebApplicationContext@273444fe: startup date [Mon Sep 19 02:52:24 GMT-05:00 2016]; root of context hierarchy
2016-09-19 02:52:54.808  INFO 10712 --- [           main] j.LocalContainerEntityManagerFactoryBean : Closing JPA EntityManagerFactory for persistence unit 'default'
2016-09-19 02:52:54.812 ERROR 10712 --- [           main] o.s.test.context.TestContextManager      : Caught exception while allowing TestExecutionListener [org.springframework.test.context.web.ServletTestExecutionListener@5ef60048] to prepare test instance [edu.mum.volunteers.VolunteersApplicationTests@224d537d]

java.lang.IllegalStateException: Failed to load ApplicationContext
	at org.springframework.test.context.cache.DefaultCacheAwareContextLoaderDelegate.loadContext(DefaultCacheAwareContextLoaderDelegate.java:124) ~[spring-test-4.3.2.RELEASE.jar:4.3.2.RELEASE]
	at org.springframework.test.context.support.DefaultTestContext.getApplicationContext(DefaultTestContext.java:83) ~[spring-test-4.3.2.RELEASE.jar:4.3.2.RELEASE]
	at org.springframework.test.context.web.ServletTestExecutionListener.setUpRequestContextIfNecessary(ServletTestExecutionListener.java:189) ~[spring-test-4.3.2.RELEASE.jar:4.3.2.RELEASE]
	at org.springframework.test.context.web.ServletTestExecutionListener.prepareTestInstance(ServletTestExecutionListener.java:131) ~[spring-test-4.3.2.RELEASE.jar:4.3.2.RELEASE]
	at org.springframework.test.context.TestContextManager.prepareTestInstance(TestContextManager.java:230) ~[spring-test-4.3.2.RELEASE.jar:4.3.2.RELEASE]
	at org.springframework.test.context.junit4.SpringJUnit4ClassRunner.createTest(SpringJUnit4ClassRunner.java:228) [spring-test-4.3.2.RELEASE.jar:4.3.2.RELEASE]
	at org.springframework.test.context.junit4.SpringJUnit4ClassRunner$1.runReflectiveCall(SpringJUnit4ClassRunner.java:287) [spring-test-4.3.2.RELEASE.jar:4.3.2.RELEASE]
	at org.junit.internal.runners.model.ReflectiveCallable.run(ReflectiveCallable.java:12) [junit-4.12.jar:4.12]
	at org.springframework.test.context.junit4.SpringJUnit4ClassRunner.methodBlock(SpringJUnit4ClassRunner.java:289) [spring-test-4.3.2.RELEASE.jar:4.3.2.RELEASE]
	at org.springframework.test.context.junit4.SpringJUnit4ClassRunner.runChild(SpringJUnit4ClassRunner.java:247) [spring-test-4.3.2.RELEASE.jar:4.3.2.RELEASE]
	at org.springframework.test.context.junit4.SpringJUnit4ClassRunner.runChild(SpringJUnit4ClassRunner.java:94) [spring-test-4.3.2.RELEASE.jar:4.3.2.RELEASE]
	at org.junit.runners.ParentRunner$3.run(ParentRunner.java:290) [junit-4.12.jar:4.12]
	at org.junit.runners.ParentRunner$1.schedule(ParentRunner.java:71) [junit-4.12.jar:4.12]
	at org.junit.runners.ParentRunner.runChildren(ParentRunner.java:288) [junit-4.12.jar:4.12]
	at org.junit.runners.ParentRunner.access$000(ParentRunner.java:58) [junit-4.12.jar:4.12]
	at org.junit.runners.ParentRunner$2.evaluate(ParentRunner.java:268) [junit-4.12.jar:4.12]
	at org.springframework.test.context.junit4.statements.RunBeforeTestClassCallbacks.evaluate(RunBeforeTestClassCallbacks.java:61) [spring-test-4.3.2.RELEASE.jar:4.3.2.RELEASE]
	at org.springframework.test.context.junit4.statements.RunAfterTestClassCallbacks.evaluate(RunAfterTestClassCallbacks.java:70) [spring-test-4.3.2.RELEASE.jar:4.3.2.RELEASE]
	at org.junit.runners.ParentRunner.run(ParentRunner.java:363) [junit-4.12.jar:4.12]
	at org.springframework.test.context.junit4.SpringJUnit4ClassRunner.run(SpringJUnit4ClassRunner.java:191) [spring-test-4.3.2.RELEASE.jar:4.3.2.RELEASE]
	at org.apache.maven.surefire.junit4.JUnit4Provider.execute(JUnit4Provider.java:283) [surefire-junit4-2.18.1.jar:2.18.1]
	at org.apache.maven.surefire.junit4.JUnit4Provider.executeWithRerun(JUnit4Provider.java:173) [surefire-junit4-2.18.1.jar:2.18.1]
	at org.apache.maven.surefire.junit4.JUnit4Provider.executeTestSet(JUnit4Provider.java:153) [surefire-junit4-2.18.1.jar:2.18.1]
	at org.apache.maven.surefire.junit4.JUnit4Provider.invoke(JUnit4Provider.java:128) [surefire-junit4-2.18.1.jar:2.18.1]
	at org.apache.maven.surefire.booter.ForkedBooter.invokeProviderInSameClassLoader(ForkedBooter.java:203) [surefire-booter-2.18.1.jar:2.18.1]
	at org.apache.maven.surefire.booter.ForkedBooter.runSuitesInProcess(ForkedBooter.java:155) [surefire-booter-2.18.1.jar:2.18.1]
	at org.apache.maven.surefire.booter.ForkedBooter.main(ForkedBooter.java:103) [surefire-booter-2.18.1.jar:2.18.1]
Caused by: java.lang.NullPointerException: null
	at edu.mum.volunteers.bootstrap.ProjectsLoader.onApplicationEvent(ProjectsLoader.java:100) ~[classes/:na]
	at edu.mum.volunteers.bootstrap.UsersLoader.onApplicationEvent(UsersLoader.java:42) ~[classes/:na]
	at edu.mum.volunteers.bootstrap.UsersLoader.onApplicationEvent(UsersLoader.java:14) ~[classes/:na]
	at org.springframework.context.event.SimpleApplicationEventMulticaster.invokeListener(SimpleApplicationEventMulticaster.java:166) ~[spring-context-4.3.2.RELEASE.jar:4.3.2.RELEASE]
	at org.springframework.context.event.SimpleApplicationEventMulticaster.multicastEvent(SimpleApplicationEventMulticaster.java:138) ~[spring-context-4.3.2.RELEASE.jar:4.3.2.RELEASE]
	at org.springframework.context.support.AbstractApplicationContext.publishEvent(AbstractApplicationContext.java:382) ~[spring-context-4.3.2.RELEASE.jar:4.3.2.RELEASE]
	at org.springframework.context.support.AbstractApplicationContext.publishEvent(AbstractApplicationContext.java:336) ~[spring-context-4.3.2.RELEASE.jar:4.3.2.RELEASE]
	at org.springframework.context.support.AbstractApplicationContext.finishRefresh(AbstractApplicationContext.java:877) ~[spring-context-4.3.2.RELEASE.jar:4.3.2.RELEASE]
	at org.springframework.context.support.AbstractApplicationContext.refresh(AbstractApplicationContext.java:544) ~[spring-context-4.3.2.RELEASE.jar:4.3.2.RELEASE]
	at org.springframework.boot.SpringApplication.refresh(SpringApplication.java:759) ~[spring-boot-1.4.0.RELEASE.jar:1.4.0.RELEASE]
	at org.springframework.boot.SpringApplication.refreshContext(SpringApplication.java:369) ~[spring-boot-1.4.0.RELEASE.jar:1.4.0.RELEASE]
	at org.springframework.boot.SpringApplication.run(SpringApplication.java:313) ~[spring-boot-1.4.0.RELEASE.jar:1.4.0.RELEASE]
	at org.springframework.boot.test.context.SpringBootContextLoader.loadContext(SpringBootContextLoader.java:111) ~[spring-boot-test-1.4.0.RELEASE.jar:1.4.0.RELEASE]
	at org.springframework.test.context.cache.DefaultCacheAwareContextLoaderDelegate.loadContextInternal(DefaultCacheAwareContextLoaderDelegate.java:98) ~[spring-test-4.3.2.RELEASE.jar:4.3.2.RELEASE]
	at org.springframework.test.context.cache.DefaultCacheAwareContextLoaderDelegate.loadContext(DefaultCacheAwareContextLoaderDelegate.java:116) ~[spring-test-4.3.2.RELEASE.jar:4.3.2.RELEASE]
	... 26 common frames omitted

]]></system-out>
  </testcase>
</testsuite>